<?xml version="1.0" encoding="UTF-8"?>
<!-- Generated by org.testng.reporters.JUnitXMLReporter -->
<testsuite ignored="4" hostname="HP" failures="0" tests="11" name="Test" time="59.418" errors="0" timestamp="2023-04-09T20:43:31 IST">
  <testcase classname="testcases.HomePageTestcase" name="verifyDashBoradUI" time="12.163"/>
  <testcase classname="testcases.HomePageTestcase" name="verifycommonstatDashBoradUI" time="3.679"/>
  <testcase classname="testcases.HomePageTestcase" name="verifynewsDashBoradUI" time="3.125"/>
  <testcase classname="testcases.HomePageTestcase" name="verifyordertotalDashBoradUI" time="3.646"/>
  <testcase classname="testcases.LoginFunctionalTestCases" name="VerifyInvalidUser" time="1.059"/>
  <testcase classname="testcases.LoginFunctionalTestCases" name="VerifyInvalidUser" time="1.128"/>
  <testcase classname="testcases.LoginFunctionalTestCases" name="VerifyInvalidUser" time="1.272"/>
  <testcase classname="testcases.LoginFunctionalTestCases" name="VerifyInvalidUser" time="0.91"/>
  <testcase classname="testcases.LoginFunctionalTestCases" name="VerifyInvalidUser" time="1.837"/>
  <testcase classname="testcases.LoginFunctionalTestCases" name="VerifyInvalidUser" time="1.754"/>
  <testcase classname="testcases.ProductSearchByname" name="verifyBlog" time="16.63"/>
  <testcase classname="utilities.BaseClass" name="@BeforeTest setup" time="0.0">
    <ignored/>
  </testcase> <!-- @BeforeTest setup -->
  <testcase classname="utilities.BaseClass" name="@BeforeTest setup" time="0.0">
    <ignored/>
  </testcase> <!-- @BeforeTest setup -->
  <testcase classname="utilities.BaseClass" name="@AfterTest tear" time="0.0">
    <ignored/>
  </testcase> <!-- @AfterTest tear -->
  <testcase classname="utilities.BaseClass" name="@AfterTest tear" time="0.0">
    <ignored/>
  </testcase> <!-- @AfterTest tear -->
</testsuite> <!-- Test -->
